<?xml version="1.0" encoding="UTF-8"?>
<!-- Generated by org.testng.reporters.JUnitReportReporter -->
<testsuite hostname="Babus-MacBook-Pro.local" failures="0" tests="1" name="com.uibot.tests.TestLogins" time="22.141" errors="0" timestamp="2021-10-24T14:27:11 IST" skipped="0">
  <testcase classname="com.uibot.tests.TestLogins" name="loginCheck" time="22.141"/>
  <system-out/>
</testsuite> <!-- com.uibot.tests.TestLogins -->
