<?xml version="1.0" encoding="UTF-8"?>
<!-- Generated by org.testng.reporters.JUnitReportReporter -->
<testsuite hostname="Babus-MacBook-Pro.local" failures="0" tests="1" name="com.uibot.tests.CreateIncident" time="34.580" errors="0" timestamp="2021-10-24T15:34:02 IST" skipped="0">
  <testcase classname="com.uibot.tests.CreateIncident" name="createNewIncident" time="34.580"/>
  <system-out/>
</testsuite> <!-- com.uibot.tests.CreateIncident -->
