<?xml version="1.0" encoding="UTF-8"?>
<!-- Generated by org.testng.reporters.JUnitReportReporter -->
<testsuite hostname="Babus-MacBook-Pro.local" failures="0" tests="1" name="com.uibot.tests.TestCode" time="19.444" errors="0" timestamp="2021-10-24T12:55:40 IST" skipped="0">
  <testcase classname="com.uibot.tests.TestCode" name="example" time="19.444"/>
  <system-out/>
</testsuite> <!-- com.uibot.tests.TestCode -->
